<?xml version="1.0" encoding="UTF-8"?>
<testng-results ignored="0" total="20" passed="20" failed="0" skipped="0">
  <reporter-output>
  </reporter-output>
  <suite started-at="2024-06-09T10:27:13 IST" name="Suite" finished-at="2024-06-09T10:27:13 IST" duration-ms="115">
    <groups>
    </groups>
    <test started-at="2024-06-09T10:27:13 IST" name="Test" finished-at="2024-06-09T10:27:13 IST" duration-ms="115">
      <class name="Countries.Country2">
        <test-method signature="Is()[pri:0, instance:Countries.Country2@72967906]" started-at="2024-06-09T10:27:13 IST" name="Is" finished-at="2024-06-09T10:27:13 IST" duration-ms="11" status="PASS">
          <reporter-output>
          </reporter-output>
        </test-method> <!-- Is -->
        <test-method signature="Kuw()[pri:0, instance:Countries.Country2@72967906]" started-at="2024-06-09T10:27:13 IST" name="Kuw" finished-at="2024-06-09T10:27:13 IST" duration-ms="2" status="PASS">
          <reporter-output>
          </reporter-output>
        </test-method> <!-- Kuw -->
        <test-method signature="Om()[pri:0, instance:Countries.Country2@72967906]" started-at="2024-06-09T10:27:13 IST" name="Om" finished-at="2024-06-09T10:27:13 IST" duration-ms="2" status="PASS">
          <reporter-output>
          </reporter-output>
        </test-method> <!-- Om -->
        <test-method signature="fi()[pri:0, instance:Countries.Country2@72967906]" started-at="2024-06-09T10:27:13 IST" name="fi" finished-at="2024-06-09T10:27:13 IST" duration-ms="2" status="PASS">
          <reporter-output>
          </reporter-output>
        </test-method> <!-- fi -->
        <test-method signature="ja()[pri:0, instance:Countries.Country2@72967906]" started-at="2024-06-09T10:27:13 IST" name="ja" finished-at="2024-06-09T10:27:13 IST" duration-ms="1" status="PASS">
          <reporter-output>
          </reporter-output>
        </test-method> <!-- ja -->
        <test-method signature="pa()[pri:0, instance:Countries.Country2@72967906]" started-at="2024-06-09T10:27:13 IST" name="pa" finished-at="2024-06-09T10:27:13 IST" duration-ms="1" status="PASS">
          <reporter-output>
          </reporter-output>
        </test-method> <!-- pa -->
        <test-method signature="to()[pri:0, instance:Countries.Country2@72967906]" started-at="2024-06-09T10:27:13 IST" name="to" finished-at="2024-06-09T10:27:13 IST" duration-ms="1" status="PASS">
          <reporter-output>
          </reporter-output>
        </test-method> <!-- to -->
      </class> <!-- Countries.Country2 -->
      <class name="Countries.Country3">
        <test-method signature="Ar()[pri:0, instance:Countries.Country3@4f83df68]" started-at="2024-06-09T10:27:13 IST" name="Ar" finished-at="2024-06-09T10:27:13 IST" duration-ms="1" status="PASS">
          <reporter-output>
          </reporter-output>
        </test-method> <!-- Ar -->
        <test-method signature="Bh()[pri:0, instance:Countries.Country3@4f83df68]" started-at="2024-06-09T10:27:13 IST" name="Bh" finished-at="2024-06-09T10:27:13 IST" duration-ms="1" status="PASS">
          <reporter-output>
          </reporter-output>
        </test-method> <!-- Bh -->
        <test-method signature="IL()[pri:0, instance:Countries.Country3@4f83df68]" started-at="2024-06-09T10:27:13 IST" name="IL" finished-at="2024-06-09T10:27:13 IST" duration-ms="1" status="PASS">
          <reporter-output>
          </reporter-output>
        </test-method> <!-- IL -->
        <test-method signature="Sn()[pri:0, instance:Countries.Country3@4f83df68]" started-at="2024-06-09T10:27:13 IST" name="Sn" finished-at="2024-06-09T10:27:13 IST" duration-ms="1" status="PASS">
          <reporter-output>
          </reporter-output>
        </test-method> <!-- Sn -->
        <test-method signature="UAE()[pri:0, instance:Countries.Country3@4f83df68]" started-at="2024-06-09T10:27:13 IST" name="UAE" finished-at="2024-06-09T10:27:13 IST" duration-ms="1" status="PASS">
          <reporter-output>
          </reporter-output>
        </test-method> <!-- UAE -->
        <test-method signature="Va()[pri:0, instance:Countries.Country3@4f83df68]" started-at="2024-06-09T10:27:13 IST" name="Va" finished-at="2024-06-09T10:27:13 IST" duration-ms="1" status="PASS">
          <reporter-output>
          </reporter-output>
        </test-method> <!-- Va -->
        <test-method signature="cur()[pri:0, instance:Countries.Country3@4f83df68]" started-at="2024-06-09T10:27:13 IST" name="cur" finished-at="2024-06-09T10:27:13 IST" duration-ms="2" status="PASS">
          <reporter-output>
          </reporter-output>
        </test-method> <!-- cur -->
      </class> <!-- Countries.Country3 -->
      <class name="Countries.Country1">
        <test-method signature="BE()[pri:0, instance:Countries.Country1@6cf0e0ba]" started-at="2024-06-09T10:27:13 IST" name="BE" finished-at="2024-06-09T10:27:13 IST" duration-ms="0" status="PASS">
          <reporter-output>
          </reporter-output>
        </test-method> <!-- BE -->
        <test-method signature="GE()[pri:0, instance:Countries.Country1@6cf0e0ba]" started-at="2024-06-09T10:27:13 IST" name="GE" finished-at="2024-06-09T10:27:13 IST" duration-ms="0" status="PASS">
          <reporter-output>
          </reporter-output>
        </test-method> <!-- GE -->
        <test-method signature="SK()[pri:0, instance:Countries.Country1@6cf0e0ba]" started-at="2024-06-09T10:27:13 IST" name="SK" finished-at="2024-06-09T10:27:13 IST" duration-ms="1" status="PASS">
          <reporter-output>
          </reporter-output>
        </test-method> <!-- SK -->
        <test-method signature="co()[pri:0, instance:Countries.Country1@6cf0e0ba]" started-at="2024-06-09T10:27:13 IST" name="co" finished-at="2024-06-09T10:27:13 IST" duration-ms="1" status="PASS">
          <reporter-output>
          </reporter-output>
        </test-method> <!-- co -->
        <test-method signature="gh()[pri:0, instance:Countries.Country1@6cf0e0ba]" started-at="2024-06-09T10:27:13 IST" name="gh" finished-at="2024-06-09T10:27:13 IST" duration-ms="0" status="PASS">
          <reporter-output>
          </reporter-output>
        </test-method> <!-- gh -->
        <test-method signature="sp()[pri:0, instance:Countries.Country1@6cf0e0ba]" started-at="2024-06-09T10:27:13 IST" name="sp" finished-at="2024-06-09T10:27:13 IST" duration-ms="1" status="PASS">
          <reporter-output>
          </reporter-output>
        </test-method> <!-- sp -->
      </class> <!-- Countries.Country1 -->
    </test> <!-- Test -->
  </suite> <!-- Suite -->
</testng-results>
